<?xml version="1.0" encoding="UTF-8"?>
<!-- Generated by org.testng.reporters.JUnitReportReporter -->
<testsuite hostname="DESKTOP-6AUG6SK" failures="0" tests="3" name="stepdefinitions.LoginSteps" time="16.755" errors="0" timestamp="2022-11-15T17:58:01 IST" skipped="0">
  <testcase classname="stepdefinitions.LoginSteps" name="user_logins_to_application_using_credentials" time="2.479"/>
  <system-out/>
  <testcase classname="stepdefinitions.LoginSteps" name="user_enters_the_url_in_browser" time="14.218"/>
  <system-out/>
  <testcase classname="stepdefinitions.LoginSteps" name="user_should_be_able_to_see_the_title" time="0.058"/>
  <system-out/>
</testsuite> <!-- stepdefinitions.LoginSteps -->
